current directory: /home/massehacking/12gmail/ruby/PROJETDEGROUPEPETESAMERE/.bundle/gems/unf_ext-0.0.7.5/ext/unf_ext
/home/massehacking/.rvm/rubies/ruby-2.4.1/bin/ruby -r ./siteconf20180417-31848-tnveo5.rb extconf.rb
checking for -lstdc++... yes
creating Makefile

current directory: /home/massehacking/12gmail/ruby/PROJETDEGROUPEPETESAMERE/.bundle/gems/unf_ext-0.0.7.5/ext/unf_ext
make "DESTDIR=" clean

current directory: /home/massehacking/12gmail/ruby/PROJETDEGROUPEPETESAMERE/.bundle/gems/unf_ext-0.0.7.5/ext/unf_ext
make "DESTDIR="
compiling unf.cc
cc1plus: warning: command line option ‘-Wimplicit-int’ is valid for C/ObjC but not for C++
cc1plus: warning: command line option ‘-Wdeclaration-after-statement’ is valid for C/ObjC but not for C++
cc1plus: warning: command line option ‘-Wimplicit-function-declaration’ is valid for C/ObjC but not for C++
cc1plus: warning: unrecognized command line option ‘-Wno-self-assign’
cc1plus: warning: unrecognized command line option ‘-Wno-constant-logical-operand’
cc1plus: warning: unrecognized command line option ‘-Wno-parentheses-equality’
cc1plus: warning: unrecognized command line option ‘-Wno-tautological-compare’
linking shared-object unf_ext.so

current directory: /home/massehacking/12gmail/ruby/PROJETDEGROUPEPETESAMERE/.bundle/gems/unf_ext-0.0.7.5/ext/unf_ext
make "DESTDIR=" install
/usr/bin/install -m 0755 unf_ext.so ./.gem.20180417-31848-uuclm
